<?xml version="1.0" encoding="UTF-8"?>
<testng-results ignored="0" total="1" passed="1" failed="0" skipped="0">
  <reporter-output>
    <line>
      <![CDATA[tc1 passed]]>
    </line>
  </reporter-output>
  <suite started-at="2024-02-13T15:10:38 IST" name="Default suite" finished-at="2024-02-13T15:10:38 IST" duration-ms="92">
    <groups>
    </groups>
    <test started-at="2024-02-13T15:10:38 IST" name="Default test" finished-at="2024-02-13T15:10:38 IST" duration-ms="92">
      <class name="com.git.test.Testcase1Test">
        <test-method signature="git()[pri:0, instance:com.git.test.Testcase1Test@52af26ee]" started-at="2024-02-13T15:10:38 IST" name="git" finished-at="2024-02-13T15:10:38 IST" duration-ms="24" status="PASS">
          <reporter-output>
            <line>
              <![CDATA[tc1 passed]]>
            </line>
          </reporter-output>
        </test-method> <!-- git -->
      </class> <!-- com.git.test.Testcase1Test -->
    </test> <!-- Default test -->
  </suite> <!-- Default suite -->
</testng-results>
